Arguments: 
  D:\apps\nodejs\node.exe C:\Program Files (x86)\Yarn\bin\yarn.js add @adonis/mail

PATH: 
  C:\ProgramData\Oracle\Java\javapath;C:\Windows\system32;C:\Windows;C:\Windows\System32\Wbem;C:\Windows\System32\WindowsPowerShell\v1.0\;C:\Program Files (x86)\ATI Technologies\ATI.ACE\Core-Static;D:\apps\PuTTY\;D:\apps\apache-maven-3.5.3\bin;C:\Python27;C:\Python27\Lib\site-packages\;C:\Python27\Scripts\;C:\Users\bruno.dalcol\AppData\Local\Continuum\anaconda3;C:\Program Files (x86)\Windows Kits\8.1\Windows Performance Toolkit\;D:\apps\PostgreSQL\10\bin\;D:\apps\Microsoft VS Code\bin;C:\Program Files\Java\jdk1.8.0_162\bin;C:\Program Files\Docker Toolbox;D:\apps\Git\cmd;C:\HashiCorp\Vagrant\bin;C:\ProgramData\chocolatey\bin;D:\apps\nodejs\;C:\Program Files (x86)\Yarn\bin\;C:\Users\bruno.dalcol\AppData\Local\Continuum\anaconda3;C:\Users\bruno.dalcol\AppData\Local\Continuum\anaconda3\Library\mingw-w64\bin;C:\Users\bruno.dalcol\AppData\Local\Continuum\anaconda3\Library\usr\bin;C:\Users\bruno.dalcol\AppData\Local\Continuum\anaconda3\Library\bin;C:\Users\bruno.dalcol\AppData\Local\Continuum\anaconda3\Scripts;D:\apps\Microsoft VS Code\bin;C:\Program Files\Java\jdk1.8.0_162\bin;C:\Users\bruno.dalcol\AppData\Local\Android\Sdk/platform-tools;C:\Users\bruno.dalcol\AppData\Local\Android\Sdk/tools;D:\apps\redis;C:\Users\bruno.dalcol\AppData\Roaming\npm;C:\Users\bruno.dalcol\AppData\Local\Yarn\bin

Yarn version: 
  1.12.3

Node version: 
  10.14.0

Platform: 
  win32 x64

Trace: 
  Error: https://registry.yarnpkg.com/@adonis%2fmail: Not found
      at Request.params.callback [as _callback] (C:\Program Files (x86)\Yarn\lib\cli.js:65003:18)
      at Request.self.callback (C:\Program Files (x86)\Yarn\lib\cli.js:129018:22)
      at Request.emit (events.js:182:13)
      at Request.<anonymous> (C:\Program Files (x86)\Yarn\lib\cli.js:129990:10)
      at Request.emit (events.js:182:13)
      at IncomingMessage.<anonymous> (C:\Program Files (x86)\Yarn\lib\cli.js:129912:12)
      at Object.onceWrapper (events.js:273:13)
      at IncomingMessage.emit (events.js:187:15)
      at endReadableNT (_stream_readable.js:1094:12)
      at process._tickCallback (internal/process/next_tick.js:63:19)

npm manifest: 
  {
    "name": "adonis-api-app",
    "version": "4.1.0",
    "adonis-version": "4.1.0",
    "description": "Adonisjs boilerplate for API server with pre-configured JWT",
    "main": "index.js",
    "scripts": {
      "start": "node server.js",
      "test": "node ace test"
    },
    "keywords": [
      "adonisjs",
      "adonis-app"
    ],
    "author": "",
    "license": "UNLICENSED",
    "private": true,
    "dependencies": {
      "@adonisjs/ace": "^5.0.8",
      "@adonisjs/auth": "^3.0.7",
      "@adonisjs/bodyparser": "^2.0.5",
      "@adonisjs/cors": "^1.0.7",
      "@adonisjs/fold": "^4.0.9",
      "@adonisjs/framework": "^5.0.9",
      "@adonisjs/ignitor": "^2.0.8",
      "@adonisjs/lucid": "^6.1.3",
      "@adonisjs/mail": "3.0.9",
      "pg": "^7.7.1"
    },
    "devDependencies": {
      "eslint": "^5.11.1",
      "eslint-config-standard": "^12.0.0",
      "eslint-plugin-import": "^2.14.0",
      "eslint-plugin-node": "^8.0.0",
      "eslint-plugin-promise": "^4.0.1",
      "eslint-plugin-standard": "^4.0.0"
    },
    "autoload": {
      "App": "./app"
    }
  }

yarn manifest: 
  No manifest

Lockfile: 
  No lockfile
